<?xml version="1.0" encoding="UTF-8"?>
<!-- Generated by org.testng.reporters.JUnitReportReporter -->
<testsuite hostname="DESKTOP-DUB5UPV" name="cskvtestcase.Homepage" tests="1" failures="0" timestamp="19 Aug 2021 09:19:31 GMT" time="51.168" errors="1">
  <testcase name="verifysearchOrder" time="51.168" classname="cskvtestcase.Homepage">
    <error type="org.openqa.selenium.WebDriverException" message="An unknown server-side error occurred while processing the command. Original error: Error attempting to start URI. Original error: Error: Starting: Intent { act=android.intent.action.VIEW dat=http://automationpractice.com/... pkg=io.selendroid.testapp }
Error: Activity not started, unable to resolve Intent { act=android.intent.action.VIEW dat=http://automationpractice.com/... flg=0x10000000 pkg=io.selendroid.testapp }
Build info: version: &#039;3.141.59&#039;, revision: &#039;e82be7d358&#039;, time: &#039;2018-11-14T08:17:03&#039;
System info: host: &#039;DESKTOP-DUB5UPV&#039;, ip: &#039;192.168.1.101&#039;, os.name: &#039;Windows 10&#039;, os.arch: &#039;amd64&#039;, os.version: &#039;10.0&#039;, java.version: &#039;1.8.0_251&#039;
Driver info: org.openqa.selenium.remote.RemoteWebDriver
Capabilities {app: E:\cks.com\cskv1\app\Genera..., appActivity: .HomeScreenActivity, appPackage: io.selendroid.testapp, automationName: UiAutomator1, databaseEnabled: false, desired: {app: E:\cks.com\cskv1\app\Genera..., appActivity: .HomeScreenActivity, appPackage: io.selendroid.testapp, automationName: UiAutomator1, deviceName: emulator-5554, newCommandTimeout: 30, platformName: android, platformVersion: 7.1.1, udid: emulator-5554}, deviceManufacturer: Google, deviceModel: Android SDK built for x86, deviceName: emulator-5554, deviceScreenSize: 1920x1080, deviceUDID: emulator-5554, javascriptEnabled: true, locationContextEnabled: false, networkConnectionEnabled: true, newCommandTimeout: 30, platform: LINUX, platformName: LINUX, platformVersion: 8.0.0, takesScreenshot: true, udid: emulator-5554, warnings: {}, webStorageEnabled: false}
Session ID: 90bb0804-e368-467f-b6b6-b8bd689829f4">
      <![CDATA[org.openqa.selenium.WebDriverException: An unknown server-side error occurred while processing the command. Original error: Error attempting to start URI. Original error: Error: Starting: Intent { act=android.intent.action.VIEW dat=http://automationpractice.com/... pkg=io.selendroid.testapp }
Error: Activity not started, unable to resolve Intent { act=android.intent.action.VIEW dat=http://automationpractice.com/... flg=0x10000000 pkg=io.selendroid.testapp }
Build info: version: '3.141.59', revision: 'e82be7d358', time: '2018-11-14T08:17:03'
System info: host: 'DESKTOP-DUB5UPV', ip: '192.168.1.101', os.name: 'Windows 10', os.arch: 'amd64', os.version: '10.0', java.version: '1.8.0_251'
Driver info: org.openqa.selenium.remote.RemoteWebDriver
Capabilities {app: E:\cks.com\cskv1\app\Genera..., appActivity: .HomeScreenActivity, appPackage: io.selendroid.testapp, automationName: UiAutomator1, databaseEnabled: false, desired: {app: E:\cks.com\cskv1\app\Genera..., appActivity: .HomeScreenActivity, appPackage: io.selendroid.testapp, automationName: UiAutomator1, deviceName: emulator-5554, newCommandTimeout: 30, platformName: android, platformVersion: 7.1.1, udid: emulator-5554}, deviceManufacturer: Google, deviceModel: Android SDK built for x86, deviceName: emulator-5554, deviceScreenSize: 1920x1080, deviceUDID: emulator-5554, javascriptEnabled: true, locationContextEnabled: false, networkConnectionEnabled: true, newCommandTimeout: 30, platform: LINUX, platformName: LINUX, platformVersion: 8.0.0, takesScreenshot: true, udid: emulator-5554, warnings: {}, webStorageEnabled: false}
Session ID: 90bb0804-e368-467f-b6b6-b8bd689829f4
	at sun.reflect.NativeConstructorAccessorImpl.newInstance0(Native Method)
	at sun.reflect.NativeConstructorAccessorImpl.newInstance(Unknown Source)
	at sun.reflect.DelegatingConstructorAccessorImpl.newInstance(Unknown Source)
	at java.lang.reflect.Constructor.newInstance(Unknown Source)
	at org.openqa.selenium.remote.http.W3CHttpResponseCodec.createException(W3CHttpResponseCodec.java:187)
	at org.openqa.selenium.remote.http.W3CHttpResponseCodec.decode(W3CHttpResponseCodec.java:122)
	at org.openqa.selenium.remote.http.W3CHttpResponseCodec.decode(W3CHttpResponseCodec.java:49)
	at org.openqa.selenium.remote.HttpCommandExecutor.execute(HttpCommandExecutor.java:158)
	at org.openqa.selenium.remote.RemoteWebDriver.execute(RemoteWebDriver.java:552)
	at org.openqa.selenium.remote.RemoteWebDriver.get(RemoteWebDriver.java:277)
	at resuableComponents.TechnicalComponents.navigateToUrl(TechnicalComponents.java:21)
	at resuableComponents.BussinessComponents.launchUrl(BussinessComponents.java:11)
	at cskvtestcase.Homepage.verifysearchOrder(Homepage.java:16)
	at sun.reflect.NativeMethodAccessorImpl.invoke0(Native Method)
	at sun.reflect.NativeMethodAccessorImpl.invoke(Unknown Source)
	at sun.reflect.DelegatingMethodAccessorImpl.invoke(Unknown Source)
	at java.lang.reflect.Method.invoke(Unknown Source)
	at org.testng.internal.MethodInvocationHelper.invokeMethod(MethodInvocationHelper.java:100)
	at org.testng.internal.Invoker.invokeMethod(Invoker.java:646)
	at org.testng.internal.Invoker.invokeTestMethod(Invoker.java:811)
	at org.testng.internal.Invoker.invokeTestMethods(Invoker.java:1129)
	at org.testng.internal.TestMethodWorker.invokeTestMethods(TestMethodWorker.java:129)
	at org.testng.internal.TestMethodWorker.run(TestMethodWorker.java:112)
	at org.testng.TestRunner.privateRun(TestRunner.java:746)
	at org.testng.TestRunner.run(TestRunner.java:600)
	at org.testng.SuiteRunner.runTest(SuiteRunner.java:366)
	at org.testng.SuiteRunner.runSequentially(SuiteRunner.java:361)
	at org.testng.SuiteRunner.privateRun(SuiteRunner.java:319)
	at org.testng.SuiteRunner.run(SuiteRunner.java:268)
	at org.testng.SuiteRunnerWorker.runSuite(SuiteRunnerWorker.java:52)
	at org.testng.SuiteRunnerWorker.run(SuiteRunnerWorker.java:86)
	at org.testng.TestNG.runSuitesSequentially(TestNG.java:1264)
	at org.testng.TestNG.runSuitesLocally(TestNG.java:1189)
	at org.testng.TestNG.runSuites(TestNG.java:1104)
	at org.testng.TestNG.run(TestNG.java:1076)
	at org.testng.remote.AbstractRemoteTestNG.run(AbstractRemoteTestNG.java:126)
	at org.testng.remote.RemoteTestNG.initAndRun(RemoteTestNG.java:152)
	at org.testng.remote.RemoteTestNG.main(RemoteTestNG.java:57)
]]>
    </error>
  </testcase> <!-- verifysearchOrder -->
</testsuite> <!-- cskvtestcase.Homepage -->
