<?xml version="1.0" encoding="UTF-8"?>
<!-- Generated by org.testng.reporters.JUnitReportReporter -->
<testsuite hostname="DESKTOP-DUB5UPV" name="mobiletesting.LaunchApp" tests="1" failures="0" timestamp="21 Aug 2021 14:25:52 GMT" time="35.671" errors="0">
  <testcase name="lauchapp" time="35.671" classname="mobiletesting.LaunchApp"/>
</testsuite> <!-- mobiletesting.LaunchApp -->
