<?xml version="1.0" encoding="UTF-8"?>
<!-- Generated by org.testng.reporters.JUnitReportReporter -->
<testsuite hostname="DESKTOP-DUB5UPV" name="mobiletesting.LaunchApp" tests="1" failures="0" timestamp="21 Aug 2021 09:14:05 GMT" time="29.556" errors="0">
  <testcase name="lauchapp" time="29.556" classname="mobiletesting.LaunchApp"/>
</testsuite> <!-- mobiletesting.LaunchApp -->
