<?xml version="1.0" encoding="UTF-8"?>
<!-- Generated by org.testng.reporters.JUnitReportReporter -->
<testsuite hostname="DESKTOP-DUB5UPV" name="api.ApiTesting" tests="1" failures="0" timestamp="21 Aug 2021 07:56:43 GMT" time="6.573" errors="0">
  <testcase name="test" time="6.573" classname="api.ApiTesting"/>
</testsuite> <!-- api.ApiTesting -->
